[01:42:05] [Server thread/INFO]: Starting minecraft server version 1.7.10
[01:42:12] [Server thread/INFO]: Loading properties
[01:42:12] [Server thread/INFO]: Default game type: SURVIVAL
[01:42:12] [Server thread/INFO]: Generating keypair
[01:42:12] [Server thread/INFO]: Starting Minecraft server on *:25565
[01:42:12] [Server thread/WARN]: **** SERVER IS RUNNING IN OFFLINE/INSECURE MODE!
[01:42:12] [Server thread/WARN]: The server will make no attempt to authenticate usernames. Beware.
[01:42:12] [Server thread/WARN]: While this makes the game possible to play without internet access, it also opens up the ability for hackers to connect with any username they choose.
[01:42:12] [Server thread/WARN]: To change this, set "online-mode" to "true" in the server.properties file.
[01:42:17] [Server thread/INFO]: Preparing level "world"
[01:42:17] [Server thread/INFO]: Preparing start region for level 0
[01:42:18] [Server thread/INFO]: Done (1.316s)! For help, type "help" or "?"
[01:45:47] [Server thread/INFO]: Farjef[/127.97.159.222:50513] logged in with entity id 373 at (225.48124998807907, 73.0, 240.48124998807907)
[01:45:47] [Server thread/INFO]: Farjef joined the game
[01:45:58] [Server thread/INFO]: /op <player>
[01:46:16] [Server thread/INFO]: Jinkazama667[/127.125.249.193:34531] logged in with entity id 1065 at (216.5, 71.0, 244.5)
[01:46:16] [Server thread/INFO]: Jinkazama667 joined the game
[01:47:14] [Server thread/INFO]: Farjef has just earned the achievement [Taking Inventory]
[01:48:05] [Server thread/INFO]: Jinkazama667 has just earned the achievement [Taking Inventory]
[01:50:44] [Server thread/INFO]: Farjef has just earned the achievement [Getting Wood]
[01:50:52] [Server thread/INFO]: Farjef has just earned the achievement [Benchmarking]
[01:51:26] [Server thread/INFO]: Jinkazama667 has just earned the achievement [Getting Wood]
[01:51:37] [Server thread/INFO]: Farjef has just earned the achievement [Time to Mine!]
[02:03:54] [Server thread/INFO]: Jinkazama667 fell out of the world
[02:04:03] [Server thread/WARN]: Can't keep up! Did the system time change, or is the server overloaded? Running 5912ms behind, skipping 118 tick(s)
[02:04:24] [Server thread/INFO]: Jinkazama667 fell out of the world
[02:11:20] [Server thread/WARN]: Can't keep up! Did the system time change, or is the server overloaded? Running 2133ms behind, skipping 42 tick(s)
